    - apt: pkg=alien state=present
    - apt: pkg=ant state=present
    - apt: pkg=automake state=present
    - apt: pkg=automake state=present
    - apt: pkg=bison state=present
    - apt: pkg=bison state=present
    - apt: pkg=build-essential  state=present
    - apt: pkg=cdbs state=present
    - apt: pkg=curl state=present
    - apt: pkg=debhelper state=present
    - apt: pkg=devscripts state=present
    - apt: pkg=dh-make state=present
    - apt: pkg=dnsmasq-base state=present
    - apt: pkg=fabric state=present
    - apt: pkg=fakeroot state=present
    - apt: pkg=fakeroot state=present
    - apt: pkg=flex state=present
    - apt: pkg=gcc state=present
    - apt: pkg=git state=present
    - apt: pkg=g++ state=present
    - apt: pkg=libapparmor-dev state=present
    - apt: pkg=libavahi-client-dev  state=present
    - apt: pkg=libbz2-dev state=present
    - apt: pkg=libc6:i386 state=present
    - apt: pkg=libcap-ng-dev  state=present
    - apt: pkg=libcppunit-dev state=present
    - apt: pkg=libdevmapper-dev  state=present
    - apt: pkg=libevent-dev state=present
    - apt: pkg=libgcrypt11-dev state=present
    - apt: pkg=libgnutls-dev state=present
    - apt: pkg=libncurses5-dev  state=present
    - apt: pkg=libnl-3-dev  state=present
    - apt: pkg=libnuma-dev  state=present
    - apt: pkg=libparted0-dev state=present
    - apt: pkg=libpcap0.8-dev  state=present
    - apt: pkg=libpciaccess-dev  state=present
    - apt: pkg=libpolkit-gobject-1-dev state=present
    - apt: pkg=libreadline-dev  state=present
    - apt: pkg=libsasl2-dev state=present
    - apt: pkg=libssl-dev state=present
    - apt: pkg=libssl-dev state=present
    - apt: pkg=libtool state=present
    - apt: pkg=libudev-dev  state=present
    - apt: pkg=libxen-dev  state=present
    - apt: pkg=libxml2-dev state=present
    - apt: pkg=libxml2-utils  state=present
    - apt: pkg=libxslt1-dev state=present
    - apt: pkg=libyajl-dev  state=present
    - apt: pkg=linux-headers-3.2.0-51-generic  state=present
    - apt: pkg=linux-headers-3.2.0-51  state=present
    - apt: pkg=linux-headers-3.2.0-58-generic state=present
    - apt: pkg=linux-headers-3.2.0-58 state=present
    - apt: pkg=linux-headers-3.8.0-31-generic state=present
    - apt: pkg=linux-headers-3.8.0-31 state=present
    - apt: pkg=linux-headers-3.8.0-35-generic state=present
    - apt: pkg=linux-headers-3.8.0-35 state=present
    - apt: pkg=make state=present
    - apt: pkg=nfs-common state=present
    - apt: pkg=open-iscsi-utils  state=present
    - apt: pkg=openjdk-6-jdk state=present
    - apt: pkg=pkg-config state=present
    - apt: pkg=pkg-config state=present
    - apt: pkg=policykit-1 state=present
    - apt: pkg=python-all-dev state=present
    - apt: pkg=python-dev state=present
    - apt: pkg=python-dev state=present
    - apt: pkg=python-eventlet state=present
    - apt: pkg=python-lxml state=present
    - apt: pkg=python-lxml state=present
    - apt: pkg=python-paste state=present
    - apt: pkg=python-pip state=present
    - apt: pkg=python-pip state=present
    - apt: pkg=python-pycurl state=present
    - apt: pkg=python-setuptools state=present
    - apt: pkg=python-setuptools state=present
    - apt: pkg=python-software-properties state=present
    - apt: pkg=python-sphinx state=present
    - apt: pkg=python-sphinx state=present
    - apt: pkg=python-virtualenv state=present
    - apt: pkg=radvd  state=present
    - apt: pkg=scons state=present
    - apt: pkg=scons state=present
    - apt: pkg=sysv-rc-conf state=present
    - apt: pkg=uuid-dev  state=present
    - apt: pkg=xml-core state=present
    - apt: pkg=xml-core state=present
